Build started 28.04.2017 16:53:36.
     1>Project "D:\VS\gameASCII\gameASCII\gameASCII.vcxproj" on node 2 (Build target(s)).
     1>ClCompile:
         C:\Program Files (x86)\Microsoft Visual Studio 12.0\VC\bin\CL.exe /c /ZI /nologo /W3 /WX- /Od /Oy- /D WIN32 /D _DEBUG /D _CONSOLE /D _LIB /Gm /EHsc /RTC1 /MDd /GS /fp:precise /Zc:wchar_t /Zc:forScope /Fo"Debug\\" /Fd"Debug\vc120.pdb" /Gd /TP /analyze- /errorReport:prompt Level.cpp
         Level.cpp
     1>d:\vs\gameascii\gameascii\level.cpp(54): warning C4305: 'argument' : truncation from 'double' to 'float'
     1>d:\vs\gameascii\gameascii\level.cpp(55): warning C4305: 'argument' : truncation from 'double' to 'float'
     1>d:\vs\gameascii\gameascii\level.cpp(66): warning C4305: 'argument' : truncation from 'double' to 'float'
     1>d:\vs\gameascii\gameascii\level.cpp(70): warning C4305: 'argument' : truncation from 'double' to 'float'
     1>d:\vs\gameascii\gameascii\level.cpp(74): warning C4305: 'argument' : truncation from 'double' to 'float'
     1>d:\vs\gameascii\gameascii\level.cpp(453): warning C4018: '<' : signed/unsigned mismatch
       Link:
         C:\Program Files (x86)\Microsoft Visual Studio 12.0\VC\bin\link.exe /ERRORREPORT:PROMPT /OUT:"D:\VS\gameASCII\Debug\gameASCII.exe" /INCREMENTAL /NOLOGO kernel32.lib user32.lib gdi32.lib winspool.lib comdlg32.lib advapi32.lib shell32.lib ole32.lib oleaut32.lib uuid.lib odbc32.lib odbccp32.lib /MANIFEST /MANIFESTUAC:"level='asInvoker' uiAccess='false'" /manifest:embed /DEBUG /PDB:"D:\VS\gameASCII\Debug\gameASCII.pdb" /SUBSYSTEM:CONSOLE /TLBID:1 /DYNAMICBASE /NXCOMPAT /IMPLIB:"D:\VS\gameASCII\Debug\gameASCII.lib" /MACHINE:X86 Debug\Enemy.obj
         Debug\GameSystem.obj
         Debug\Item.obj
         Debug\Level.obj
         Debug\NPC.obj
         Debug\Player.obj
         Debug\Source.obj
         gameASCII.vcxproj -> D:\VS\gameASCII\Debug\gameASCII.exe
     1>Done Building Project "D:\VS\gameASCII\gameASCII\gameASCII.vcxproj" (Build target(s)).

Build succeeded.

Time Elapsed 00:00:02.31
